<?xml version="1.0" encoding="UTF-8"?>
<testsuite xmlns:xsi="http://www.w3.org/2001/XMLSchema-instance" xsi:noNamespaceSchemaLocation="https://maven.apache.org/surefire/maven-surefire-plugin/xsd/surefire-test-report-3.0.xsd" version="3.0" name="de.eberhardtconsulting.nifi.putfiledvelop.MyProcessorTest" time="0.27" tests="1" errors="0" skipped="0" failures="0">
  <properties>
[...]
</properties>
  <testcase name="testProcessor" classname="de.eberhardtconsulting.nifi.putfiledvelop.MyProcessorTest" time="0.232">
    <system-err><![CDATA[[main] INFO de.eberhardtconsulting.nifi.putfiledvelop.PutFileDvelop - null PutDvelopFile - INIT
]]></system-err>
  </testcase>
</testsuite>